<?xml version="1.0" encoding="UTF-8"?>
<!-- Generated by org.testng.reporters.JUnitReportReporter -->
<testsuite skipped="0" hostname="SENTHIL-PC" name="testCases.To_Fill_Booking_Data" tests="1" failures="0" timestamp="2020-04-24T11:29:37 IST" time="27.643" errors="0">
  <testcase name="add" time="27.643" classname="testCases.To_Fill_Booking_Data"/>
  <system-out/>
</testsuite> <!-- testCases.To_Fill_Booking_Data -->
