<?xml version="1.0" encoding="UTF-8"?>
<!-- Generated by org.testng.reporters.JUnitReportReporter -->
<testsuite skipped="0" hostname="SENTHIL-PC" name="testCases.To_Get_TripCode" tests="2" failures="0" timestamp="2020-09-23T12:57:44 IST" time="16.299" errors="0">
  <testcase name="toFillBookingDetails" time="15.618" classname="testCases.To_Get_TripCode"/>
  <system-out/>
  <testcase name="togetTripCode" time="0.681" classname="testCases.To_Get_TripCode"/>
  <system-out/>
</testsuite> <!-- testCases.To_Get_TripCode -->
